<?xml version="1.0" encoding="UTF-8"?>
<!-- Generated by org.testng.reporters.JUnitReportReporter -->
<testsuite hostname="DESKTOP-6USQ61I" failures="0" tests="3" name="Sdet.testone" time="0.029" errors="0" timestamp="2023-11-23T17:42:10 IST" skipped="0">
  <testcase classname="Sdet.testone" name="LoginTest" time="0.006"/>
  <system-out/>
  <testcase classname="Sdet.testone" name="LoginTest" time="0.020"/>
  <system-out/>
  <testcase classname="Sdet.testone" name="LoginTest" time="0.003"/>
  <system-out/>
</testsuite> <!-- Sdet.testone -->
