<?xml version="1.0" encoding="UTF-8"?>
<!-- Generated by org.testng.reporters.JUnitReportReporter -->
<testsuite hostname="DESKTOP-6USQ61I" failures="0" tests="2" name="TestNG.AnnotationHirearchy" time="0.049" errors="0" timestamp="2024-06-17T22:14:25 IST" skipped="0">
  <testcase classname="TestNG.AnnotationHirearchy" name="tm1" time="0.009"/>
  <testcase classname="TestNG.AnnotationHirearchy" name="TC2" time="0.040"/>
</testsuite> <!-- TestNG.AnnotationHirearchy -->
