<?xml version="1.0" encoding="UTF-8"?>
<!-- Generated by org.testng.reporters.JUnitReportReporter -->
<testsuite hostname="DESKTOP-6USQ61I" failures="0" tests="1" name="Assertations.AssertaionDemo" time="0.030" errors="0" timestamp="2024-06-17T22:26:19 IST" skipped="0">
  <testcase classname="Assertations.AssertaionDemo" name="test" time="0.030"/>
</testsuite> <!-- Assertations.AssertaionDemo -->
