<?xml version="1.0" encoding="UTF-8"?>
<!-- Generated by org.testng.reporters.JUnitReportReporter -->
<testsuite hostname="DESKTOP-6USQ61I" failures="0" tests="3" name="TestNG.FirstTestCase" time="0.014" errors="0" timestamp="2024-06-17T00:15:10 IST" skipped="0">
  <testcase classname="TestNG.FirstTestCase" name="openApp" time="0.004"/>
  <testcase classname="TestNG.FirstTestCase" name="login" time="0.003"/>
  <testcase classname="TestNG.FirstTestCase" name="logout" time="0.007"/>
</testsuite> <!-- TestNG.FirstTestCase -->
