<?xml version="1.0" encoding="UTF-8"?>
<!-- Generated by org.testng.reporters.JUnitReportReporter -->
<testsuite hostname="DESKTOP-6USQ61I" failures="0" tests="4" name="TestNG.OrangeHRMTest" time="9.769" errors="0" timestamp="2024-06-17T00:15:10 IST" skipped="0">
  <testcase classname="TestNG.OrangeHRMTest" name="openApp" time="8.223"/>
  <testcase classname="TestNG.OrangeHRMTest" name="testLogo" time="0.709"/>
  <testcase classname="TestNG.OrangeHRMTest" name="testLogin" time="0.545"/>
  <testcase classname="TestNG.OrangeHRMTest" name="close" time="0.292"/>
</testsuite> <!-- TestNG.OrangeHRMTest -->
