<?xml version="1.0" encoding="UTF-8"?>
<!-- Generated by org.testng.reporters.JUnitReportReporter -->
<testsuite hostname="DESKTOP-6USQ61I" failures="0" tests="2" name="TestNG.BeforeAndAfterClassAnno" time="0.026" errors="0" timestamp="2024-06-17T21:49:48 IST" skipped="0">
  <testcase classname="TestNG.BeforeAndAfterClassAnno" name="search" time="0.022"/>
  <testcase classname="TestNG.BeforeAndAfterClassAnno" name="advanceSearch" time="0.004"/>
</testsuite> <!-- TestNG.BeforeAndAfterClassAnno -->
