<?xml version="1.0" encoding="UTF-8"?>
<!-- Generated by org.testng.reporters.JUnitReportReporter -->
<testsuite hostname="DESKTOP-6USQ61I" failures="0" tests="2" name="TestNG.AnnotationsDemo1" time="0.025" errors="0" timestamp="2024-06-17T21:47:14 IST" skipped="0">
  <testcase classname="TestNG.AnnotationsDemo1" name="search" time="0.022"/>
  <testcase classname="TestNG.AnnotationsDemo1" name="advanceSearch" time="0.003"/>
</testsuite> <!-- TestNG.AnnotationsDemo1 -->
